[14:33:43] [modloading-worker-0/INFO] ========================================
[14:33:43] [modloading-worker-0/INFO] Minecraft: 1.20.1
[14:33:43] [modloading-worker-0/INFO] Side: server
[14:33:43] [modloading-worker-0/INFO] Development: false
[14:33:43] [modloading-worker-0/INFO] Version: 12.1.785
[14:33:43] [modloading-worker-0/INFO] Loader:
[14:33:43] [modloading-worker-0/INFO] - Forge: 47.3.12
[14:33:43] [modloading-worker-0/INFO] Dependencies:
[14:33:43] [modloading-worker-0/INFO] - Cloth Config: 11.1.136
[14:33:43] [modloading-worker-0/INFO] - Architectury: 9.2.14
[14:33:43] [modloading-worker-0/INFO] Mixin: 0.8.5
[14:33:43] [modloading-worker-0/INFO] OS: Linux 6.2.0-39-generic (amd64)
[14:33:43] [modloading-worker-0/INFO] Java: 21.0.1 (Private Build)
[14:33:43] [modloading-worker-0/INFO] ========================================
[14:33:43] [modloading-worker-0/INFO] Mods:
[14:33:43] [modloading-worker-0/INFO] - ae2: 15.3.2-beta
[14:33:43] [modloading-worker-0/INFO] - another_furniture: 1.20.1-3.0.1
[14:33:43] [modloading-worker-0/INFO] - appleskin: 2.5.1+mc1.20.1
[14:33:43] [modloading-worker-0/INFO] - architectury: 9.2.14
[14:33:43] [modloading-worker-0/INFO] - athena: 3.1.2
[14:33:43] [modloading-worker-0/INFO] - attributefix: 21.0.4
[14:33:43] [modloading-worker-0/INFO] - bellsandwhistles: 0.4.3-1.20.x
[14:33:43] [modloading-worker-0/INFO] - camera: 1.20.1-1.0.19
[14:33:43] [modloading-worker-0/INFO] - chat_heads: 0.13.7
[14:33:43] [modloading-worker-0/INFO] - chefsdelight: 1.0.3-forge-1.20.1
[14:33:43] [modloading-worker-0/INFO] - chisel: 1.8.0
[14:33:43] [modloading-worker-0/INFO] - cloth_config: 11.1.136
[14:33:43] [modloading-worker-0/INFO] - clumps: 12.0.0.4
[14:33:43] [modloading-worker-0/INFO] - computercraft: 1.114.2
[14:33:43] [modloading-worker-0/INFO] - controlling: 12.0.2
[14:33:43] [modloading-worker-0/INFO] - copycats: 2.1.4+mc.1.20.1-forge
[14:33:43] [modloading-worker-0/INFO] - create: 0.5.1.j
[14:33:43] [modloading-worker-0/INFO] - create_connected: 0.9.2-mc1.20.1
[14:33:43] [modloading-worker-0/INFO] - create_dd: 0.1b.Release-Early-Dev
[14:33:43] [modloading-worker-0/INFO] - create_interactive: 1.0.2-beta.1
[14:33:43] [modloading-worker-0/INFO] - create_things_and_misc: 1.0.0
[14:33:43] [modloading-worker-0/INFO] - createaddition: 1.20.1-1.2.4e
[14:33:43] [modloading-worker-0/INFO] - createbigcannons: 5.7.2
[14:33:43] [modloading-worker-0/INFO] - createdeco: 2.0.2-1.20.1-forge
[14:33:43] [modloading-worker-0/INFO] - createdieselgenerators: 1.20.1-1.2i
[14:33:43] [modloading-worker-0/INFO] - crystal_clear: 2.1-Beta
[14:33:43] [modloading-worker-0/INFO] - culturaldelights: 0.16.1
[14:33:43] [modloading-worker-0/INFO] - delightful: 3.6.1
[14:33:43] [modloading-worker-0/INFO] - delightfulburgers: 1.20.1
[14:33:43] [modloading-worker-0/INFO] - delightfulsandwich: 1.20.1
[14:33:43] [modloading-worker-0/INFO] - design_decor: 0.4.0b
[14:33:43] [modloading-worker-0/INFO] - do_a_barrel_roll: 3.5.6+1.20.1
[14:33:43] [modloading-worker-0/INFO] - e4mc_minecraft: 5.2.1
[14:33:43] [modloading-worker-0/INFO] - everycomp: 1.20-2.7.6
[14:33:43] [modloading-worker-0/INFO] - exposure: 1.7.7
[14:33:43] [modloading-worker-0/INFO] - farmersdelight: 1.20.1-1.2.6
[14:33:43] [modloading-worker-0/INFO] - fastipping: 1.0.5
[14:33:43] [modloading-worker-0/INFO] - flywheel: 0.6.11-13
[14:33:43] [modloading-worker-0/INFO] - forge: 47.3.12
[14:33:43] [modloading-worker-0/INFO] - immersiveengineering: 1.20.1-10.1.0-171
[14:33:43] [modloading-worker-0/INFO] - interiors: 0.5.6
[14:33:43] [modloading-worker-0/INFO] - jade: 11.12.2+forge
[14:33:43] [modloading-worker-0/INFO] - jadeaddons: 5.3.1+forge
[14:33:43] [modloading-worker-0/INFO] - kotlinforforge: 4.11.0
[14:33:43] [modloading-worker-0/INFO] - mekanism: 10.4.12
[14:33:43] [modloading-worker-0/INFO] - mekanismadditions: 10.4.12
[14:33:43] [modloading-worker-0/INFO] - mekanismgenerators: 10.4.12
[14:33:43] [modloading-worker-0/INFO] - mekanismtools: 10.4.12
[14:33:43] [modloading-worker-0/INFO] - minecraft: 1.20.1
[14:33:43] [modloading-worker-0/INFO] - mixinextras: 0.4.1
[14:33:43] [modloading-worker-0/INFO] - moonlight: 1.20-2.13.41
[14:33:43] [modloading-worker-0/INFO] - mousetweaks: 2.25.1
[14:33:43] [modloading-worker-0/INFO] - nethersdelight: 1.20.1-4.0
[14:33:43] [modloading-worker-0/INFO] - nochatreports: 1.20.1-v2.2.2
[14:33:43] [modloading-worker-0/INFO] - oceansdelight: 1.0.2-1.20
[14:33:43] [modloading-worker-0/INFO] - patchouli: 1.20.1-84-FORGE
[14:33:43] [modloading-worker-0/INFO] - quark: 4.0-460
[14:33:43] [modloading-worker-0/INFO] - quarkoddities: 1.20.1
[14:33:43] [modloading-worker-0/INFO] - railways: 1.6.7+forge-mc1.20.1
[14:33:43] [modloading-worker-0/INFO] - ritchiesprojectilelib: 2.0.0-dev+mc.1.20.1-forge-build.182
[14:33:43] [modloading-worker-0/INFO] - roughlyenoughitems: 12.1.785
[14:33:43] [modloading-worker-0/INFO] - searchables: 1.0.3
[14:33:43] [modloading-worker-0/INFO] - sliceanddice: 3.3.0
[14:33:43] [modloading-worker-0/INFO] - sound_physics_remastered: 1.20.1-1.4.8
[14:33:43] [modloading-worker-0/INFO] - spark: 1.10.53
[14:33:43] [modloading-worker-0/INFO] - trackwork: 1.0.2c
[14:33:43] [modloading-worker-0/INFO] - v_slab_compat: 1.20-2.4
[14:33:43] [modloading-worker-0/INFO] - valkyrien_mod: 0.1.1
[14:33:43] [modloading-worker-0/INFO] - valkyrien_ship_schematics: 1.0
[14:33:43] [modloading-worker-0/INFO] - valkyrienskies: 2.3.0-beta.5
[14:33:43] [modloading-worker-0/INFO] - vs_clockwork: 1.20.1-0.1.16-forge-b3b22e39fe
[14:33:43] [modloading-worker-0/INFO] - worldedit: 7.2.15+6463-5ca4dff
[14:33:43] [modloading-worker-0/INFO] - zeta: 1.0-24
[14:33:43] [modloading-worker-0/INFO] ========================================
[14:33:44] [modloading-worker-0/INFO] [REI] Registered plugin provider DefaultPluginImpl [roughlyenoughitems] for REIServerPlugin
[14:33:44] [modloading-worker-0/INFO] [REI] Registered plugin provider DefaultPluginImpl [roughlyenoughitems] for REIPlugin
[14:33:44] [modloading-worker-0/INFO] [REI] Registered plugin provider DefaultRuntimePlugin [roughlyenoughitems] for REIServerPlugin
[14:33:44] [modloading-worker-0/INFO] [REI] Registered plugin provider DefaultRuntimePlugin [roughlyenoughitems] for REIPlugin
[14:34:17] [Worker-Main-11/DEBUG] [REI] Processed 0 tags in 17.26 μs for minecraft:damage_type[14:34:17] [Worker-Main-31/DEBUG] [REI] Processed 0 tags in 174.0 μs for minecraft:worldgen/flat_level_generator_preset

[14:34:17] [Worker-Main-23/DEBUG] [REI] Processed 2 tags in 2.535 ms for mekanism:slurry
[14:34:17] [Worker-Main-26/DEBUG] [REI] Processed 1 tags in 2.742 ms for minecraft:mob_effect
[14:34:17] [Worker-Main-30/DEBUG] [REI] Processed 3 tags in 2.556 ms for minecraft:point_of_interest_type
[14:34:17] [Worker-Main-19/DEBUG] [REI] Processed 8 tags in 3.002 ms for mekanism:infuse_type
[14:34:17] [Worker-Main-5/DEBUG] [REI] Processed 1 tags in 2.989 ms for minecraft:recipe_serializer
[14:34:17] [Worker-Main-21/DEBUG] [REI] Processed 3 tags in 1.825 ms for minecraft:block_entity_type
[14:34:17] [Worker-Main-37/DEBUG] [REI] Processed 0 tags in 43.50 μs for minecraft:worldgen/world_preset
[14:34:18] [Worker-Main-16/DEBUG] [REI] Processed 3 tags in 298.3 μs for minecraft:instrument
[14:34:18] [Worker-Main-13/DEBUG] [REI] Processed 2 tags in 45.99 μs for minecraft:cat_variant
[14:34:18] [Worker-Main-27/DEBUG] [REI] Processed 5 tags in 66.43 μs for mekanism:gas
[14:34:18] [Worker-Main-35/DEBUG] [REI] Processed 1 tags in 324.4 μs for minecraft:painting_variant
[14:34:18] [Worker-Main-36/DEBUG] [REI] Processed 5 tags in 802.0 μs for minecraft:game_event
[14:34:18] [Worker-Main-33/DEBUG] [REI] Processed 63 tags in 459.4 μs for minecraft:fluid
[14:34:18] [Worker-Main-34/DEBUG] [REI] Processed 28 tags in 230.3 μs for minecraft:entity_type
[14:34:18] [Worker-Main-7/DEBUG] [REI] Processed 0 tags in 20.78 μs for minecraft:worldgen/structure[14:34:18] [Worker-Main-20/DEBUG] [REI] Processed 15 tags in 252.1 μs for minecraft:banner_pattern

[14:34:18] [Worker-Main-18/DEBUG] [REI] Processed 0 tags in 69.89 μs for minecraft:worldgen/biome
[14:34:18] [Worker-Main-49/DEBUG] [REI] Processed 537 tags in 13.03 ms for minecraft:block
[14:34:18] [Worker-Main-46/DEBUG] [REI] Processed 1226 tags in 5.543 ms for minecraft:item
[14:34:20] [main/DEBUG] [REI] Starting Reload Plugins of stage null
java.lang.Throwable
	at TRANSFORMER/roughlyenoughitems@12.1.785/me.shedaniel.rei.impl.common.plugins.ReloadManagerImpl.reloadPlugins(ReloadManagerImpl.java:110)
	at TRANSFORMER/roughlyenoughitems@12.1.785/me.shedaniel.rei.RoughlyEnoughItemsCore.lambda$onInitialize$5(RoughlyEnoughItemsCore.java:163)
	at java.base/java.util.concurrent.CompletableFuture$UniRun.tryFire(CompletableFuture.java:787)
	at java.base/java.util.concurrent.CompletableFuture$Completion.run(CompletableFuture.java:482)
	at TRANSFORMER/minecraft@1.20.1/net.minecraft.server.packs.resources.SimpleReloadInstance.m_143940_(SimpleReloadInstance.java:69)
	at TRANSFORMER/minecraft@1.20.1/net.minecraft.Util.m_214652_(Util.java:783)
	at TRANSFORMER/minecraft@1.20.1/net.minecraft.Util.m_214679_(Util.java:772)
	at TRANSFORMER/minecraft@1.20.1/net.minecraft.server.Main.main(Main.java:166)
	at java.base/jdk.internal.reflect.DirectMethodHandleAccessor.invoke(DirectMethodHandleAccessor.java:103)
	at java.base/java.lang.reflect.Method.invoke(Method.java:580)
	at MC-BOOTSTRAP/fmlloader@1.20.1-47.3.12/net.minecraftforge.fml.loading.targets.CommonLaunchHandler.runTarget(CommonLaunchHandler.java:111)
	at MC-BOOTSTRAP/fmlloader@1.20.1-47.3.12/net.minecraftforge.fml.loading.targets.CommonLaunchHandler.serverService(CommonLaunchHandler.java:103)
	at MC-BOOTSTRAP/fmlloader@1.20.1-47.3.12/net.minecraftforge.fml.loading.targets.CommonServerLaunchHandler.lambda$makeService$0(CommonServerLaunchHandler.java:27)
	at MC-BOOTSTRAP/cpw.mods.modlauncher@10.0.9/cpw.mods.modlauncher.LaunchServiceHandlerDecorator.launch(LaunchServiceHandlerDecorator.java:30)
	at MC-BOOTSTRAP/cpw.mods.modlauncher@10.0.9/cpw.mods.modlauncher.LaunchServiceHandler.launch(LaunchServiceHandler.java:53)
	at MC-BOOTSTRAP/cpw.mods.modlauncher@10.0.9/cpw.mods.modlauncher.LaunchServiceHandler.launch(LaunchServiceHandler.java:71)
	at MC-BOOTSTRAP/cpw.mods.modlauncher@10.0.9/cpw.mods.modlauncher.Launcher.run(Launcher.java:108)
	at MC-BOOTSTRAP/cpw.mods.modlauncher@10.0.9/cpw.mods.modlauncher.Launcher.main(Launcher.java:78)
	at MC-BOOTSTRAP/cpw.mods.modlauncher@10.0.9/cpw.mods.modlauncher.BootstrapLaunchConsumer.accept(BootstrapLaunchConsumer.java:26)
	at MC-BOOTSTRAP/cpw.mods.modlauncher@10.0.9/cpw.mods.modlauncher.BootstrapLaunchConsumer.accept(BootstrapLaunchConsumer.java:23)
	at cpw.mods.bootstraplauncher@1.1.2/cpw.mods.bootstraplauncher.BootstrapLauncher.main(BootstrapLauncher.java:141)
[14:34:20] [main/DEBUG] [REI] ========================================
[14:34:20] [main/DEBUG] [REI] REIPlugin starting pre-reload for START.
[14:34:20] [main/DEBUG] [REI] Reloadables (7):
[14:34:20] [main/DEBUG] [REI]  - EntryTypeRegistryImpl
[14:34:20] [main/DEBUG] [REI]  - EntrySettingsAdapterRegistryImpl
[14:34:20] [main/DEBUG] [REI]  - RecipeManagerContextImpl
[14:34:20] [main/DEBUG] [REI]  - ItemComparatorRegistryImpl
[14:34:20] [main/DEBUG] [REI]  - FluidComparatorRegistryImpl
[14:34:20] [main/DEBUG] [REI]  - DisplaySerializerRegistryImpl
[14:34:20] [main/DEBUG] [REI]  - FluidSupportProviderImpl
[14:34:20] [main/DEBUG] [REI] Plugins (2):
[14:34:20] [main/DEBUG] [REI]  - (-100.00) DefaultPluginImpl of DefaultPluginImpl [roughlyenoughitems]
[14:34:20] [main/DEBUG] [REI]  - (0.00) DefaultRuntimePlugin of DefaultRuntimePlugin [roughlyenoughitems]
[14:34:20] [main/DEBUG] [REI] ========================================
[14:34:20] [main/TRACE] [REI] [REIPlugin START] Reloading Section: "pre-register/"
[14:34:20] [main/TRACE] [REI] [REIPlugin START] Reloading Section: "pre-register/DefaultPluginImpl of DefaultPluginImpl [roughlyenoughitems]/"
[14:34:20] [main/TRACE] [REI] [REIPlugin START] Reloading Section: "pre-register/DefaultPluginImpl of DefaultPluginImpl [roughlyenoughitems]/" done in 905.9 μs
[14:34:20] [main/TRACE] [REI] [REIPlugin START] Reloading Section: "pre-register/DefaultRuntimePlugin of DefaultRuntimePlugin [roughlyenoughitems]/"
[14:34:20] [main/TRACE] [REI] [REIPlugin START] Reloading Section: "pre-register/DefaultRuntimePlugin of DefaultRuntimePlugin [roughlyenoughitems]/" done in 75.96 μs
[14:34:20] [main/TRACE] [REI] [REIPlugin START] Reloading Section: "pre-register/" done in 11.99 ms
[14:34:20] [main/TRACE] [REI] [REIPlugin START] Reloading Section: "pre-stage/"
[14:34:20] [main/TRACE] [REI] [REIPlugin START] Reloading Section: "pre-stage/EntryTypeRegistryImpl/"
[14:34:20] [main/TRACE] [REI] [REIPlugin START] Reloading Section: "pre-stage/EntryTypeRegistryImpl/" done in 225.9 μs
[14:34:20] [main/TRACE] [REI] [REIPlugin START] Reloading Section: "pre-stage/EntrySettingsAdapterRegistryImpl/"
[14:34:20] [main/TRACE] [REI] [REIPlugin START] Reloading Section: "pre-stage/EntrySettingsAdapterRegistryImpl/" done in 54.69 μs
[14:34:20] [main/TRACE] [REI] [REIPlugin START] Reloading Section: "pre-stage/RecipeManagerContextImpl/"
[14:34:20] [main/TRACE] [REI] [REIPlugin START] Reloading Section: "pre-stage/RecipeManagerContextImpl/" done in 51.18 μs
[14:34:20] [main/TRACE] [REI] [REIPlugin START] Reloading Section: "pre-stage/ItemComparatorRegistryImpl/"
[14:34:20] [main/TRACE] [REI] [REIPlugin START] Reloading Section: "pre-stage/ItemComparatorRegistryImpl/" done in 54.43 μs
[14:34:20] [main/TRACE] [REI] [REIPlugin START] Reloading Section: "pre-stage/FluidComparatorRegistryImpl/"
[14:34:20] [main/TRACE] [REI] [REIPlugin START] Reloading Section: "pre-stage/FluidComparatorRegistryImpl/" done in 52.79 μs
[14:34:20] [main/TRACE] [REI] [REIPlugin START] Reloading Section: "pre-stage/DisplaySerializerRegistryImpl/"
[14:34:20] [main/TRACE] [REI] [REIPlugin START] Reloading Section: "pre-stage/DisplaySerializerRegistryImpl/" done in 49.32 μs
[14:34:20] [main/TRACE] [REI] [REIPlugin START] Reloading Section: "pre-stage/FluidSupportProviderImpl/"
[14:34:20] [main/TRACE] [REI] [REIPlugin START] Reloading Section: "pre-stage/FluidSupportProviderImpl/" done in 49.52 μs
[14:34:20] [main/TRACE] [REI] [REIPlugin START] Reloading Section: "pre-stage/" done in 1.277 ms
[14:34:20] [main/DEBUG] [REI] ========================================
[14:34:20] [main/DEBUG] [REI] REIPlugin finished pre-reload for START in 13.95 ms.
[14:34:20] [main/DEBUG] [REI] ========================================
[14:34:20] [main/DEBUG] [REI] ========================================
[14:34:20] [main/DEBUG] [REI] REIServerPlugin starting pre-reload for START.
[14:34:20] [main/DEBUG] [REI] Reloadables (2):
[14:34:20] [main/DEBUG] [REI]  - MenuInfoRegistryImpl
[14:34:20] [main/DEBUG] [REI]  - SlotAccessorRegistryImpl
[14:34:20] [main/DEBUG] [REI] Plugins (2):
[14:34:20] [main/DEBUG] [REI]  - (-100.00) DefaultPluginImpl of DefaultPluginImpl [roughlyenoughitems]
[14:34:20] [main/DEBUG] [REI]  - (0.00) DefaultRuntimePlugin of DefaultRuntimePlugin [roughlyenoughitems]
[14:34:20] [main/DEBUG] [REI] ========================================
[14:34:20] [main/TRACE] [REI] [REIServerPlugin START] Reloading Section: "pre-register/"
[14:34:20] [main/TRACE] [REI] [REIServerPlugin START] Reloading Section: "pre-register/DefaultPluginImpl of DefaultPluginImpl [roughlyenoughitems]/"
[14:34:20] [main/TRACE] [REI] [REIServerPlugin START] Reloading Section: "pre-register/DefaultPluginImpl of DefaultPluginImpl [roughlyenoughitems]/" done in 65.50 μs
[14:34:20] [main/TRACE] [REI] [REIServerPlugin START] Reloading Section: "pre-register/DefaultRuntimePlugin of DefaultRuntimePlugin [roughlyenoughitems]/"
[14:34:20] [main/TRACE] [REI] [REIServerPlugin START] Reloading Section: "pre-register/DefaultRuntimePlugin of DefaultRuntimePlugin [roughlyenoughitems]/" done in 54.90 μs
[14:34:20] [main/TRACE] [REI] [REIServerPlugin START] Reloading Section: "pre-register/" done in 384.4 μs
[14:34:20] [main/TRACE] [REI] [REIServerPlugin START] Reloading Section: "pre-stage/"
[14:34:20] [main/TRACE] [REI] [REIServerPlugin START] Reloading Section: "pre-stage/MenuInfoRegistryImpl/"
[14:34:20] [main/TRACE] [REI] [REIServerPlugin START] Reloading Section: "pre-stage/MenuInfoRegistryImpl/" done in 50.26 μs
[14:34:20] [main/TRACE] [REI] [REIServerPlugin START] Reloading Section: "pre-stage/SlotAccessorRegistryImpl/"
[14:34:20] [main/TRACE] [REI] [REIServerPlugin START] Reloading Section: "pre-stage/SlotAccessorRegistryImpl/" done in 71.63 μs
[14:34:20] [main/TRACE] [REI] [REIServerPlugin START] Reloading Section: "pre-stage/" done in 327.3 μs
[14:34:20] [main/DEBUG] [REI] ========================================
[14:34:20] [main/DEBUG] [REI] REIServerPlugin finished pre-reload for START in 861.2 μs.
[14:34:20] [main/DEBUG] [REI] ========================================
[14:34:20] [main/INFO] [REI] @@@@@@@@@@@@@@@@@@@@@@@@@@@@@@@@@@@@@@@@
[14:34:20] [main/INFO] [REI] REIPlugin starting main-reload for START.
[14:34:20] [main/DEBUG] [REI] Reloadables (7):
[14:34:20] [main/DEBUG] [REI]  - EntryTypeRegistryImpl
[14:34:20] [main/DEBUG] [REI]  - EntrySettingsAdapterRegistryImpl
[14:34:20] [main/DEBUG] [REI]  - RecipeManagerContextImpl
[14:34:20] [main/DEBUG] [REI]  - ItemComparatorRegistryImpl
[14:34:20] [main/DEBUG] [REI]  - FluidComparatorRegistryImpl
[14:34:20] [main/DEBUG] [REI]  - DisplaySerializerRegistryImpl
[14:34:20] [main/DEBUG] [REI]  - FluidSupportProviderImpl
[14:34:20] [main/INFO] [REI] Plugins (2):
[14:34:20] [main/INFO] [REI]  - (-100.00) DefaultPluginImpl of DefaultPluginImpl [roughlyenoughitems]
[14:34:20] [main/INFO] [REI]  - (0.00) DefaultRuntimePlugin of DefaultRuntimePlugin [roughlyenoughitems]
[14:34:20] [main/INFO] [REI] @@@@@@@@@@@@@@@@@@@@@@@@@@@@@@@@@@@@@@@@
[14:34:20] [main/TRACE] [REI] [REIPlugin START] Reloading Section: "start-reload/"
[14:34:20] [main/TRACE] [REI] [REIPlugin START] Reloading Section: "start-reload/EntryTypeRegistryImpl/"
[14:34:20] [main/TRACE] [REI] [REIPlugin START] Reloading Section: "start-reload/EntryTypeRegistryImpl/" done in 106.4 μs
[14:34:20] [main/TRACE] [REI] [REIPlugin START] Reloading Section: "start-reload/EntrySettingsAdapterRegistryImpl/"
[14:34:20] [main/TRACE] [REI] [REIPlugin START] Reloading Section: "start-reload/EntrySettingsAdapterRegistryImpl/" done in 71.18 μs
[14:34:20] [main/TRACE] [REI] [REIPlugin START] Reloading Section: "start-reload/RecipeManagerContextImpl/"
[14:34:20] [main/TRACE] [REI] [REIPlugin START] Reloading Section: "start-reload/RecipeManagerContextImpl/" done in 51.86 μs
[14:34:20] [main/TRACE] [REI] [REIPlugin START] Reloading Section: "start-reload/ItemComparatorRegistryImpl/"
[14:34:20] [main/TRACE] [REI] [REIPlugin START] Reloading Section: "start-reload/ItemComparatorRegistryImpl/" done in 86.36 μs
[14:34:20] [main/TRACE] [REI] [REIPlugin START] Reloading Section: "start-reload/FluidComparatorRegistryImpl/"
[14:34:20] [main/TRACE] [REI] [REIPlugin START] Reloading Section: "start-reload/FluidComparatorRegistryImpl/" done in 53.85 μs
[14:34:20] [main/TRACE] [REI] [REIPlugin START] Reloading Section: "start-reload/DisplaySerializerRegistryImpl/"
[14:34:20] [main/TRACE] [REI] [REIPlugin START] Reloading Section: "start-reload/DisplaySerializerRegistryImpl/" done in 52.48 μs
[14:34:20] [main/TRACE] [REI] [REIPlugin START] Reloading Section: "start-reload/FluidSupportProviderImpl/"
[14:34:20] [main/TRACE] [REI] [REIPlugin START] Reloading Section: "start-reload/FluidSupportProviderImpl/" done in 118.0 μs
[14:34:20] [main/TRACE] [REI] [REIPlugin START] Reloading Section: "start-reload/" done in 1.320 ms
[14:34:20] [main/DEBUG] [REI] ========================================
[14:34:20] [main/DEBUG] [REI] REIPlugin started main-reload for START.
[14:34:20] [main/DEBUG] [REI] ========================================
[14:34:20] [main/TRACE] [REI] [REIPlugin START] Reloading Section: "reloadable-plugin/EntryTypeRegistryImpl/"
[14:34:20] [main/TRACE] [REI] [REIPlugin START] Reloading Section: "reloadable-plugin/EntryTypeRegistryImpl/DefaultPluginImpl of DefaultPluginImpl [roughlyenoughitems]/"
[14:34:20] [main/TRACE] [REI] [REIPlugin START] Reloading Section: "reloadable-plugin/EntryTypeRegistryImpl/DefaultPluginImpl of DefaultPluginImpl [roughlyenoughitems]/" done in 324.1 μs
[14:34:20] [main/TRACE] [REI] [REIPlugin START] Reloading Section: "reloadable-plugin/EntryTypeRegistryImpl/DefaultRuntimePlugin of DefaultRuntimePlugin [roughlyenoughitems]/"
[14:34:20] [main/TRACE] [REI] [REIPlugin START] Reloading Section: "reloadable-plugin/EntryTypeRegistryImpl/DefaultRuntimePlugin of DefaultRuntimePlugin [roughlyenoughitems]/" done in 6.453 ms
[14:34:20] [main/TRACE] [REI] [REIPlugin START] Reloading Section: "reloadable-plugin/EntryTypeRegistryImpl/" done in 7.454 ms
[14:34:20] [main/TRACE] [REI] [REIPlugin START] Reloading Section: "reloadable-plugin/EntrySettingsAdapterRegistryImpl/"
[14:34:20] [main/TRACE] [REI] [REIPlugin START] Reloading Section: "reloadable-plugin/EntrySettingsAdapterRegistryImpl/DefaultPluginImpl of DefaultPluginImpl [roughlyenoughitems]/"
[14:34:20] [main/TRACE] [REI] [REIPlugin START] Reloading Section: "reloadable-plugin/EntrySettingsAdapterRegistryImpl/DefaultPluginImpl of DefaultPluginImpl [roughlyenoughitems]/" done in 63.26 μs
[14:34:20] [main/TRACE] [REI] [REIPlugin START] Reloading Section: "reloadable-plugin/EntrySettingsAdapterRegistryImpl/DefaultRuntimePlugin of DefaultRuntimePlugin [roughlyenoughitems]/"
[14:34:20] [main/TRACE] [REI] [REIPlugin START] Reloading Section: "reloadable-plugin/EntrySettingsAdapterRegistryImpl/DefaultRuntimePlugin of DefaultRuntimePlugin [roughlyenoughitems]/" done in 58.28 μs
[14:34:20] [main/TRACE] [REI] [REIPlugin START] Reloading Section: "reloadable-plugin/EntrySettingsAdapterRegistryImpl/" done in 395.5 μs
[14:34:20] [main/TRACE] [REI] [REIPlugin START] Reloading Section: "reloadable-plugin/RecipeManagerContextImpl/"
[14:34:20] [main/TRACE] [REI] [REIPlugin START] Reloading Section: "reloadable-plugin/RecipeManagerContextImpl/DefaultPluginImpl of DefaultPluginImpl [roughlyenoughitems]/"
[14:34:20] [main/TRACE] [REI] [REIPlugin START] Reloading Section: "reloadable-plugin/RecipeManagerContextImpl/DefaultPluginImpl of DefaultPluginImpl [roughlyenoughitems]/" done in 57.02 μs
[14:34:20] [main/TRACE] [REI] [REIPlugin START] Reloading Section: "reloadable-plugin/RecipeManagerContextImpl/DefaultRuntimePlugin of DefaultRuntimePlugin [roughlyenoughitems]/"
[14:34:20] [main/TRACE] [REI] [REIPlugin START] Reloading Section: "reloadable-plugin/RecipeManagerContextImpl/DefaultRuntimePlugin of DefaultRuntimePlugin [roughlyenoughitems]/" done in 56.62 μs
[14:34:20] [main/TRACE] [REI] [REIPlugin START] Reloading Section: "reloadable-plugin/RecipeManagerContextImpl/" done in 350.6 μs
[14:34:20] [main/TRACE] [REI] [REIPlugin START] Reloading Section: "reloadable-plugin/ItemComparatorRegistryImpl/"
[14:34:20] [main/TRACE] [REI] [REIPlugin START] Reloading Section: "reloadable-plugin/ItemComparatorRegistryImpl/DefaultPluginImpl of DefaultPluginImpl [roughlyenoughitems]/"
[14:34:20] [main/TRACE] [REI] [REIPlugin START] Reloading Section: "reloadable-plugin/ItemComparatorRegistryImpl/DefaultPluginImpl of DefaultPluginImpl [roughlyenoughitems]/" done in 1.432 ms
[14:34:20] [main/TRACE] [REI] [REIPlugin START] Reloading Section: "reloadable-plugin/ItemComparatorRegistryImpl/DefaultRuntimePlugin of DefaultRuntimePlugin [roughlyenoughitems]/"
[14:34:20] [main/TRACE] [REI] [REIPlugin START] Reloading Section: "reloadable-plugin/ItemComparatorRegistryImpl/DefaultRuntimePlugin of DefaultRuntimePlugin [roughlyenoughitems]/" done in 65.89 μs
[14:34:20] [main/TRACE] [REI] [REIPlugin START] Reloading Section: "reloadable-plugin/ItemComparatorRegistryImpl/" done in 1.789 ms
[14:34:20] [main/TRACE] [REI] [REIPlugin START] Reloading Section: "reloadable-plugin/FluidComparatorRegistryImpl/"
[14:34:20] [main/TRACE] [REI] [REIPlugin START] Reloading Section: "reloadable-plugin/FluidComparatorRegistryImpl/DefaultPluginImpl of DefaultPluginImpl [roughlyenoughitems]/"
[14:34:20] [main/TRACE] [REI] [REIPlugin START] Reloading Section: "reloadable-plugin/FluidComparatorRegistryImpl/DefaultPluginImpl of DefaultPluginImpl [roughlyenoughitems]/" done in 77.23 μs
[14:34:20] [main/TRACE] [REI] [REIPlugin START] Reloading Section: "reloadable-plugin/FluidComparatorRegistryImpl/DefaultRuntimePlugin of DefaultRuntimePlugin [roughlyenoughitems]/"
[14:34:20] [main/TRACE] [REI] [REIPlugin START] Reloading Section: "reloadable-plugin/FluidComparatorRegistryImpl/DefaultRuntimePlugin of DefaultRuntimePlugin [roughlyenoughitems]/" done in 57.89 μs
[14:34:20] [main/TRACE] [REI] [REIPlugin START] Reloading Section: "reloadable-plugin/FluidComparatorRegistryImpl/" done in 410.8 μs
[14:34:20] [main/TRACE] [REI] [REIPlugin START] Reloading Section: "reloadable-plugin/DisplaySerializerRegistryImpl/"
[14:34:20] [main/TRACE] [REI] [REIPlugin START] Reloading Section: "reloadable-plugin/DisplaySerializerRegistryImpl/DefaultPluginImpl of DefaultPluginImpl [roughlyenoughitems]/"
[14:34:20] [main/TRACE] [REI] [REIPlugin START] Reloading Section: "reloadable-plugin/DisplaySerializerRegistryImpl/DefaultPluginImpl of DefaultPluginImpl [roughlyenoughitems]/" done in 56.40 μs
[14:34:20] [main/TRACE] [REI] [REIPlugin START] Reloading Section: "reloadable-plugin/DisplaySerializerRegistryImpl/DefaultRuntimePlugin of DefaultRuntimePlugin [roughlyenoughitems]/"
[14:34:20] [main/TRACE] [REI] [REIPlugin START] Reloading Section: "reloadable-plugin/DisplaySerializerRegistryImpl/DefaultRuntimePlugin of DefaultRuntimePlugin [roughlyenoughitems]/" done in 56.97 μs
[14:34:20] [main/TRACE] [REI] [REIPlugin START] Reloading Section: "reloadable-plugin/DisplaySerializerRegistryImpl/" done in 349.5 μs
[14:34:20] [main/TRACE] [REI] [REIPlugin START] Reloading Section: "reloadable-plugin/FluidSupportProviderImpl/"
[14:34:20] [main/TRACE] [REI] [REIPlugin START] Reloading Section: "reloadable-plugin/FluidSupportProviderImpl/DefaultPluginImpl of DefaultPluginImpl [roughlyenoughitems]/"
[14:34:20] [main/TRACE] [REI] [REIPlugin START] Reloading Section: "reloadable-plugin/FluidSupportProviderImpl/DefaultPluginImpl of DefaultPluginImpl [roughlyenoughitems]/" done in 818.7 μs
[14:34:20] [main/TRACE] [REI] [REIPlugin START] Reloading Section: "reloadable-plugin/FluidSupportProviderImpl/DefaultRuntimePlugin of DefaultRuntimePlugin [roughlyenoughitems]/"
[14:34:20] [main/TRACE] [REI] [REIPlugin START] Reloading Section: "reloadable-plugin/FluidSupportProviderImpl/DefaultRuntimePlugin of DefaultRuntimePlugin [roughlyenoughitems]/" done in 65.74 μs
[14:34:20] [main/TRACE] [REI] [REIPlugin START] Reloading Section: "reloadable-plugin/FluidSupportProviderImpl/" done in 1.187 ms
[14:34:20] [main/DEBUG] [REI] ========================================
[14:34:20] [main/DEBUG] [REI] REIPlugin ending main-reload for START.
[14:34:20] [main/DEBUG] [REI] ========================================
[14:34:20] [main/TRACE] [REI] [REIPlugin START] Reloading Section: "end-reload/"
[14:34:20] [main/TRACE] [REI] [REIPlugin START] Reloading Section: "end-reload/EntryTypeRegistryImpl/"
[14:34:20] [main/TRACE] [REI] [REIPlugin START] Reloading Section: "end-reload/EntryTypeRegistryImpl/" done in 86.82 μs
[14:34:20] [main/TRACE] [REI] [REIPlugin START] Reloading Section: "end-reload/EntrySettingsAdapterRegistryImpl/"
[14:34:20] [main/TRACE] [REI] [REIPlugin START] Reloading Section: "end-reload/EntrySettingsAdapterRegistryImpl/" done in 72.06 μs
[14:34:20] [main/TRACE] [REI] [REIPlugin START] Reloading Section: "end-reload/RecipeManagerContextImpl/"
[14:34:20] [main/TRACE] [REI] [REIPlugin START] Reloading Section: "end-reload/RecipeManagerContextImpl/" done in 57.88 μs
[14:34:20] [main/TRACE] [REI] [REIPlugin START] Reloading Section: "end-reload/ItemComparatorRegistryImpl/"
[14:34:20] [main/TRACE] [REI] [REIPlugin START] Reloading Section: "end-reload/ItemComparatorRegistryImpl/" done in 49.93 μs
[14:34:20] [main/TRACE] [REI] [REIPlugin START] Reloading Section: "end-reload/FluidComparatorRegistryImpl/"
[14:34:20] [main/TRACE] [REI] [REIPlugin START] Reloading Section: "end-reload/FluidComparatorRegistryImpl/" done in 44.46 μs
[14:34:20] [main/TRACE] [REI] [REIPlugin START] Reloading Section: "end-reload/DisplaySerializerRegistryImpl/"
[14:34:20] [main/TRACE] [REI] [REIPlugin START] Reloading Section: "end-reload/DisplaySerializerRegistryImpl/" done in 46.16 μs
[14:34:20] [main/TRACE] [REI] [REIPlugin START] Reloading Section: "end-reload/FluidSupportProviderImpl/"
[14:34:20] [main/TRACE] [REI] [REIPlugin START] Reloading Section: "end-reload/FluidSupportProviderImpl/" done in 72.69 μs
[14:34:20] [main/TRACE] [REI] [REIPlugin START] Reloading Section: "end-reload/" done in 1.139 ms
[14:34:20] [main/DEBUG] [REI] ========================================
[14:34:20] [main/DEBUG] [REI] REIPlugin ended main-reload for START in 17.58 ms.
[14:34:20] [main/DEBUG] [REI] ========================================
[14:34:20] [main/INFO] [REI] ########################################
[14:34:20] [main/INFO] [REI] REIServerPlugin starting main-reload for START.
[14:34:20] [main/DEBUG] [REI] Reloadables (2):
[14:34:20] [main/DEBUG] [REI]  - MenuInfoRegistryImpl
[14:34:20] [main/DEBUG] [REI]  - SlotAccessorRegistryImpl
[14:34:20] [main/INFO] [REI] Plugins (2):
[14:34:20] [main/INFO] [REI]  - (-100.00) DefaultPluginImpl of DefaultPluginImpl [roughlyenoughitems]
[14:34:20] [main/INFO] [REI]  - (0.00) DefaultRuntimePlugin of DefaultRuntimePlugin [roughlyenoughitems]
[14:34:20] [main/INFO] [REI] ########################################
[14:34:20] [main/TRACE] [REI] [REIServerPlugin START] Reloading Section: "start-reload/"
[14:34:20] [main/TRACE] [REI] [REIServerPlugin START] Reloading Section: "start-reload/MenuInfoRegistryImpl/"
[14:34:20] [main/TRACE] [REI] [REIServerPlugin START] Reloading Section: "start-reload/MenuInfoRegistryImpl/" done in 54.70 μs
[14:34:20] [main/TRACE] [REI] [REIServerPlugin START] Reloading Section: "start-reload/SlotAccessorRegistryImpl/"
[14:34:20] [main/TRACE] [REI] [REIServerPlugin START] Reloading Section: "start-reload/SlotAccessorRegistryImpl/" done in 43.82 μs
[14:34:20] [main/TRACE] [REI] [REIServerPlugin START] Reloading Section: "start-reload/" done in 381.9 μs
[14:34:20] [main/DEBUG] [REI] ========================================
[14:34:20] [main/DEBUG] [REI] REIServerPlugin started main-reload for START.
[14:34:20] [main/DEBUG] [REI] ========================================
[14:34:20] [main/TRACE] [REI] [REIServerPlugin START] Reloading Section: "reloadable-plugin/MenuInfoRegistryImpl/"
[14:34:20] [main/TRACE] [REI] [REIServerPlugin START] Reloading Section: "reloadable-plugin/MenuInfoRegistryImpl/DefaultPluginImpl of DefaultPluginImpl [roughlyenoughitems]/"
[14:34:20] [main/TRACE] [REI] [REIServerPlugin START] Reloading Section: "reloadable-plugin/MenuInfoRegistryImpl/DefaultPluginImpl of DefaultPluginImpl [roughlyenoughitems]/" done in 51.03 μs
[14:34:20] [main/TRACE] [REI] [REIServerPlugin START] Reloading Section: "reloadable-plugin/MenuInfoRegistryImpl/DefaultRuntimePlugin of DefaultRuntimePlugin [roughlyenoughitems]/"
[14:34:20] [main/TRACE] [REI] [REIServerPlugin START] Reloading Section: "reloadable-plugin/MenuInfoRegistryImpl/DefaultRuntimePlugin of DefaultRuntimePlugin [roughlyenoughitems]/" done in 47.90 μs
[14:34:20] [main/TRACE] [REI] [REIServerPlugin START] Reloading Section: "reloadable-plugin/MenuInfoRegistryImpl/" done in 443.0 μs
[14:34:20] [main/TRACE] [REI] [REIServerPlugin START] Reloading Section: "reloadable-plugin/SlotAccessorRegistryImpl/"
[14:34:20] [main/TRACE] [REI] [REIServerPlugin START] Reloading Section: "reloadable-plugin/SlotAccessorRegistryImpl/DefaultPluginImpl of DefaultPluginImpl [roughlyenoughitems]/"
[14:34:20] [main/TRACE] [REI] [REIServerPlugin START] Reloading Section: "reloadable-plugin/SlotAccessorRegistryImpl/DefaultPluginImpl of DefaultPluginImpl [roughlyenoughitems]/" done in 70.57 μs
[14:34:20] [main/TRACE] [REI] [REIServerPlugin START] Reloading Section: "reloadable-plugin/SlotAccessorRegistryImpl/DefaultRuntimePlugin of DefaultRuntimePlugin [roughlyenoughitems]/"
[14:34:20] [main/TRACE] [REI] [REIServerPlugin START] Reloading Section: "reloadable-plugin/SlotAccessorRegistryImpl/DefaultRuntimePlugin of DefaultRuntimePlugin [roughlyenoughitems]/" done in 47.75 μs
[14:34:20] [main/TRACE] [REI] [REIServerPlugin START] Reloading Section: "reloadable-plugin/SlotAccessorRegistryImpl/" done in 357.9 μs
[14:34:20] [main/DEBUG] [REI] ========================================
[14:34:20] [main/DEBUG] [REI] REIServerPlugin ending main-reload for START.
[14:34:20] [main/DEBUG] [REI] ========================================
[14:34:20] [main/TRACE] [REI] [REIServerPlugin START] Reloading Section: "end-reload/"
[14:34:20] [main/TRACE] [REI] [REIServerPlugin START] Reloading Section: "end-reload/MenuInfoRegistryImpl/"
[14:34:20] [main/TRACE] [REI] [REIServerPlugin START] Reloading Section: "end-reload/MenuInfoRegistryImpl/" done in 46.50 μs
[14:34:20] [main/TRACE] [REI] [REIServerPlugin START] Reloading Section: "end-reload/SlotAccessorRegistryImpl/"
[14:34:20] [main/TRACE] [REI] [REIServerPlugin START] Reloading Section: "end-reload/SlotAccessorRegistryImpl/" done in 59.34 μs
[14:34:20] [main/TRACE] [REI] [REIServerPlugin START] Reloading Section: "end-reload/" done in 329.6 μs
[14:34:20] [main/DEBUG] [REI] ========================================
[14:34:20] [main/DEBUG] [REI] REIServerPlugin ended main-reload for START in 3.162 ms.
[14:34:20] [main/DEBUG] [REI] ========================================
[14:34:20] [main/DEBUG] [REI] ========================================
[14:34:20] [main/DEBUG] [REI] REIPlugin starting post-reload for START.
[14:34:20] [main/DEBUG] [REI] Reloadables (7):
[14:34:20] [main/DEBUG] [REI]  - EntryTypeRegistryImpl
[14:34:20] [main/DEBUG] [REI]  - EntrySettingsAdapterRegistryImpl
[14:34:20] [main/DEBUG] [REI]  - RecipeManagerContextImpl
[14:34:20] [main/DEBUG] [REI]  - ItemComparatorRegistryImpl
[14:34:20] [main/DEBUG] [REI]  - FluidComparatorRegistryImpl
[14:34:20] [main/DEBUG] [REI]  - DisplaySerializerRegistryImpl
[14:34:20] [main/DEBUG] [REI]  - FluidSupportProviderImpl
[14:34:20] [main/DEBUG] [REI] Plugins (2):
[14:34:20] [main/DEBUG] [REI]  - (-100.00) DefaultPluginImpl of DefaultPluginImpl [roughlyenoughitems]
[14:34:20] [main/DEBUG] [REI]  - (0.00) DefaultRuntimePlugin of DefaultRuntimePlugin [roughlyenoughitems]
[14:34:20] [main/DEBUG] [REI] ========================================
[14:34:20] [main/TRACE] [REI] [REIPlugin START] Reloading Section: "post-register/"
[14:34:20] [main/TRACE] [REI] [REIPlugin START] Reloading Section: "post-register/DefaultPluginImpl of DefaultPluginImpl [roughlyenoughitems]/"
[14:34:20] [main/TRACE] [REI] [REIPlugin START] Reloading Section: "post-register/DefaultPluginImpl of DefaultPluginImpl [roughlyenoughitems]/" done in 221.9 μs
[14:34:20] [main/TRACE] [REI] [REIPlugin START] Reloading Section: "post-register/DefaultRuntimePlugin of DefaultRuntimePlugin [roughlyenoughitems]/"
[14:34:20] [main/TRACE] [REI] [REIPlugin START] Reloading Section: "post-register/DefaultRuntimePlugin of DefaultRuntimePlugin [roughlyenoughitems]/" done in 44.58 μs
[14:34:20] [main/TRACE] [REI] [REIPlugin START] Reloading Section: "post-register/" done in 756.4 μs
[14:34:20] [main/TRACE] [REI] [REIPlugin START] Reloading Section: "post-stage/"
[14:34:20] [main/TRACE] [REI] [REIPlugin START] Reloading Section: "post-stage/EntryTypeRegistryImpl/"
[14:34:20] [main/TRACE] [REI] [REIPlugin START] Reloading Section: "post-stage/EntryTypeRegistryImpl/" done in 47.94 μs
[14:34:20] [main/TRACE] [REI] [REIPlugin START] Reloading Section: "post-stage/EntrySettingsAdapterRegistryImpl/"
[14:34:20] [main/TRACE] [REI] [REIPlugin START] Reloading Section: "post-stage/EntrySettingsAdapterRegistryImpl/" done in 36.90 μs
[14:34:20] [main/TRACE] [REI] [REIPlugin START] Reloading Section: "post-stage/RecipeManagerContextImpl/"
[14:34:20] [main/TRACE] [REI] [REIPlugin START] Reloading Section: "post-stage/RecipeManagerContextImpl/" done in 39.86 μs
[14:34:20] [main/TRACE] [REI] [REIPlugin START] Reloading Section: "post-stage/ItemComparatorRegistryImpl/"
[14:34:20] [main/TRACE] [REI] [REIPlugin START] Reloading Section: "post-stage/ItemComparatorRegistryImpl/" done in 165.3 μs
[14:34:20] [main/TRACE] [REI] [REIPlugin START] Reloading Section: "post-stage/FluidComparatorRegistryImpl/"
[14:34:20] [main/TRACE] [REI] [REIPlugin START] Reloading Section: "post-stage/FluidComparatorRegistryImpl/" done in 40.40 μs
[14:34:20] [main/TRACE] [REI] [REIPlugin START] Reloading Section: "post-stage/DisplaySerializerRegistryImpl/"
[14:34:20] [main/TRACE] [REI] [REIPlugin START] Reloading Section: "post-stage/DisplaySerializerRegistryImpl/" done in 58.79 μs
[14:34:20] [main/TRACE] [REI] [REIPlugin START] Reloading Section: "post-stage/FluidSupportProviderImpl/"
[14:34:20] [main/TRACE] [REI] [REIPlugin START] Reloading Section: "post-stage/FluidSupportProviderImpl/" done in 88.34 μs
[14:34:20] [main/TRACE] [REI] [REIPlugin START] Reloading Section: "post-stage/" done in 1.080 ms
[14:34:20] [main/DEBUG] [REI] ========================================
[14:34:20] [main/INFO] [REI] REIPlugin finished post-reload for START in 1.988 ms, totaling 33.47 ms.
[14:34:20] [main/DEBUG] [REI] ========================================
[14:34:20] [main/DEBUG] [REI] ========================================
[14:34:20] [main/DEBUG] [REI] REIServerPlugin starting post-reload for START.
[14:34:20] [main/DEBUG] [REI] Reloadables (2):
[14:34:20] [main/DEBUG] [REI]  - MenuInfoRegistryImpl
[14:34:20] [main/DEBUG] [REI]  - SlotAccessorRegistryImpl
[14:34:20] [main/DEBUG] [REI] Plugins (2):
[14:34:20] [main/DEBUG] [REI]  - (-100.00) DefaultPluginImpl of DefaultPluginImpl [roughlyenoughitems]
[14:34:20] [main/DEBUG] [REI]  - (0.00) DefaultRuntimePlugin of DefaultRuntimePlugin [roughlyenoughitems]
[14:34:20] [main/DEBUG] [REI] ========================================
[14:34:20] [main/TRACE] [REI] [REIServerPlugin START] Reloading Section: "post-register/"
[14:34:20] [main/TRACE] [REI] [REIServerPlugin START] Reloading Section: "post-register/DefaultPluginImpl of DefaultPluginImpl [roughlyenoughitems]/"
[14:34:20] [main/TRACE] [REI] [REIServerPlugin START] Reloading Section: "post-register/DefaultPluginImpl of DefaultPluginImpl [roughlyenoughitems]/" done in 51.37 μs
[14:34:20] [main/TRACE] [REI] [REIServerPlugin START] Reloading Section: "post-register/DefaultRuntimePlugin of DefaultRuntimePlugin [roughlyenoughitems]/"
[14:34:20] [main/TRACE] [REI] [REIServerPlugin START] Reloading Section: "post-register/DefaultRuntimePlugin of DefaultRuntimePlugin [roughlyenoughitems]/" done in 38.90 μs
[14:34:20] [main/TRACE] [REI] [REIServerPlugin START] Reloading Section: "post-register/" done in 346.6 μs
[14:34:20] [main/TRACE] [REI] [REIServerPlugin START] Reloading Section: "post-stage/"
[14:34:20] [main/TRACE] [REI] [REIServerPlugin START] Reloading Section: "post-stage/MenuInfoRegistryImpl/"
[14:34:20] [main/TRACE] [REI] [REIServerPlugin START] Reloading Section: "post-stage/MenuInfoRegistryImpl/" done in 34.11 μs
[14:34:20] [main/TRACE] [REI] [REIServerPlugin START] Reloading Section: "post-stage/SlotAccessorRegistryImpl/"
[14:34:20] [main/TRACE] [REI] [REIServerPlugin START] Reloading Section: "post-stage/SlotAccessorRegistryImpl/" done in 39.77 μs
[14:34:20] [main/TRACE] [REI] [REIServerPlugin START] Reloading Section: "post-stage/" done in 246.7 μs
[14:34:20] [main/DEBUG] [REI] ========================================
[14:34:20] [main/INFO] [REI] REIServerPlugin finished post-reload for START in 724.3 μs, totaling 4.701 ms.
[14:34:20] [main/DEBUG] [REI] ========================================
[14:34:20] [main/DEBUG] [REI] ========================================
[14:34:20] [main/DEBUG] [REI] REIPlugin starting pre-reload for END.
[14:34:20] [main/DEBUG] [REI] Reloadables (7):
[14:34:20] [main/DEBUG] [REI]  - EntryTypeRegistryImpl
[14:34:20] [main/DEBUG] [REI]  - EntrySettingsAdapterRegistryImpl
[14:34:20] [main/DEBUG] [REI]  - RecipeManagerContextImpl
[14:34:20] [main/DEBUG] [REI]  - ItemComparatorRegistryImpl
[14:34:20] [main/DEBUG] [REI]  - FluidComparatorRegistryImpl
[14:34:20] [main/DEBUG] [REI]  - DisplaySerializerRegistryImpl
[14:34:20] [main/DEBUG] [REI]  - FluidSupportProviderImpl
[14:34:20] [main/DEBUG] [REI] Plugins (2):
[14:34:20] [main/DEBUG] [REI]  - (-100.00) DefaultPluginImpl of DefaultPluginImpl [roughlyenoughitems]
[14:34:20] [main/DEBUG] [REI]  - (0.00) DefaultRuntimePlugin of DefaultRuntimePlugin [roughlyenoughitems]
[14:34:20] [main/DEBUG] [REI] ========================================
[14:34:20] [main/TRACE] [REI] [REIPlugin END] Reloading Section: "pre-register/"
[14:34:20] [main/TRACE] [REI] [REIPlugin END] Reloading Section: "pre-register/DefaultPluginImpl of DefaultPluginImpl [roughlyenoughitems]/"
[14:34:20] [main/TRACE] [REI] [REIPlugin END] Reloading Section: "pre-register/DefaultPluginImpl of DefaultPluginImpl [roughlyenoughitems]/" done in 40.23 μs
[14:34:20] [main/TRACE] [REI] [REIPlugin END] Reloading Section: "pre-register/DefaultRuntimePlugin of DefaultRuntimePlugin [roughlyenoughitems]/"
[14:34:20] [main/TRACE] [REI] [REIPlugin END] Reloading Section: "pre-register/DefaultRuntimePlugin of DefaultRuntimePlugin [roughlyenoughitems]/" done in 38.37 μs
[14:34:20] [main/TRACE] [REI] [REIPlugin END] Reloading Section: "pre-register/" done in 322.6 μs
[14:34:20] [main/TRACE] [REI] [REIPlugin END] Reloading Section: "pre-stage/"
[14:34:20] [main/TRACE] [REI] [REIPlugin END] Reloading Section: "pre-stage/EntryTypeRegistryImpl/"
[14:34:20] [main/TRACE] [REI] [REIPlugin END] Reloading Section: "pre-stage/EntryTypeRegistryImpl/" done in 34.37 μs
[14:34:20] [main/TRACE] [REI] [REIPlugin END] Reloading Section: "pre-stage/EntrySettingsAdapterRegistryImpl/"
[14:34:20] [main/TRACE] [REI] [REIPlugin END] Reloading Section: "pre-stage/EntrySettingsAdapterRegistryImpl/" done in 33.58 μs
[14:34:20] [main/TRACE] [REI] [REIPlugin END] Reloading Section: "pre-stage/RecipeManagerContextImpl/"
[14:34:20] [main/TRACE] [REI] [REIPlugin END] Reloading Section: "pre-stage/RecipeManagerContextImpl/" done in 33.16 μs
[14:34:20] [main/TRACE] [REI] [REIPlugin END] Reloading Section: "pre-stage/ItemComparatorRegistryImpl/"
[14:34:20] [main/TRACE] [REI] [REIPlugin END] Reloading Section: "pre-stage/ItemComparatorRegistryImpl/" done in 33.36 μs
[14:34:20] [main/TRACE] [REI] [REIPlugin END] Reloading Section: "pre-stage/FluidComparatorRegistryImpl/"
[14:34:20] [main/TRACE] [REI] [REIPlugin END] Reloading Section: "pre-stage/FluidComparatorRegistryImpl/" done in 33.21 μs
[14:34:20] [main/TRACE] [REI] [REIPlugin END] Reloading Section: "pre-stage/DisplaySerializerRegistryImpl/"
[14:34:20] [main/TRACE] [REI] [REIPlugin END] Reloading Section: "pre-stage/DisplaySerializerRegistryImpl/" done in 32.33 μs
[14:34:20] [main/TRACE] [REI] [REIPlugin END] Reloading Section: "pre-stage/FluidSupportProviderImpl/"
[14:34:20] [main/TRACE] [REI] [REIPlugin END] Reloading Section: "pre-stage/FluidSupportProviderImpl/" done in 32.24 μs
[14:34:20] [main/TRACE] [REI] [REIPlugin END] Reloading Section: "pre-stage/" done in 682.8 μs
[14:34:20] [main/DEBUG] [REI] ========================================
[14:34:20] [main/DEBUG] [REI] REIPlugin finished pre-reload for END in 1.122 ms.
[14:34:20] [main/DEBUG] [REI] ========================================
[14:34:20] [main/DEBUG] [REI] ========================================
[14:34:20] [main/DEBUG] [REI] REIServerPlugin starting pre-reload for END.
[14:34:20] [main/DEBUG] [REI] Reloadables (2):
[14:34:20] [main/DEBUG] [REI]  - MenuInfoRegistryImpl
[14:34:20] [main/DEBUG] [REI]  - SlotAccessorRegistryImpl
[14:34:20] [main/DEBUG] [REI] Plugins (2):
[14:34:20] [main/DEBUG] [REI]  - (-100.00) DefaultPluginImpl of DefaultPluginImpl [roughlyenoughitems]
[14:34:20] [main/DEBUG] [REI]  - (0.00) DefaultRuntimePlugin of DefaultRuntimePlugin [roughlyenoughitems]
[14:34:20] [main/DEBUG] [REI] ========================================
[14:34:20] [main/TRACE] [REI] [REIServerPlugin END] Reloading Section: "pre-register/"
[14:34:20] [main/TRACE] [REI] [REIServerPlugin END] Reloading Section: "pre-register/DefaultPluginImpl of DefaultPluginImpl [roughlyenoughitems]/"
[14:34:20] [main/TRACE] [REI] [REIServerPlugin END] Reloading Section: "pre-register/DefaultPluginImpl of DefaultPluginImpl [roughlyenoughitems]/" done in 37.10 μs
[14:34:20] [main/TRACE] [REI] [REIServerPlugin END] Reloading Section: "pre-register/DefaultRuntimePlugin of DefaultRuntimePlugin [roughlyenoughitems]/"
[14:34:20] [main/TRACE] [REI] [REIServerPlugin END] Reloading Section: "pre-register/DefaultRuntimePlugin of DefaultRuntimePlugin [roughlyenoughitems]/" done in 37.86 μs
[14:34:20] [main/TRACE] [REI] [REIServerPlugin END] Reloading Section: "pre-register/" done in 295.8 μs
[14:34:20] [main/TRACE] [REI] [REIServerPlugin END] Reloading Section: "pre-stage/"
[14:34:20] [main/TRACE] [REI] [REIServerPlugin END] Reloading Section: "pre-stage/MenuInfoRegistryImpl/"
[14:34:20] [main/TRACE] [REI] [REIServerPlugin END] Reloading Section: "pre-stage/MenuInfoRegistryImpl/" done in 33.95 μs
[14:34:20] [main/TRACE] [REI] [REIServerPlugin END] Reloading Section: "pre-stage/SlotAccessorRegistryImpl/"
[14:34:20] [main/TRACE] [REI] [REIServerPlugin END] Reloading Section: "pre-stage/SlotAccessorRegistryImpl/" done in 33.37 μs
[14:34:20] [main/TRACE] [REI] [REIServerPlugin END] Reloading Section: "pre-stage/" done in 235.7 μs
[14:34:20] [main/DEBUG] [REI] ========================================
[14:34:20] [main/DEBUG] [REI] REIServerPlugin finished pre-reload for END in 671.4 μs.
[14:34:20] [main/DEBUG] [REI] ========================================
[14:34:20] [main/INFO] [REI] ++++++++++++++++++++++++++++++++++++++++
[14:34:20] [main/INFO] [REI] REIPlugin starting main-reload for END.
[14:34:20] [main/DEBUG] [REI] Reloadables (7):
[14:34:20] [main/DEBUG] [REI]  - EntryTypeRegistryImpl
[14:34:20] [main/DEBUG] [REI]  - EntrySettingsAdapterRegistryImpl
[14:34:20] [main/DEBUG] [REI]  - RecipeManagerContextImpl
[14:34:20] [main/DEBUG] [REI]  - ItemComparatorRegistryImpl
[14:34:20] [main/DEBUG] [REI]  - FluidComparatorRegistryImpl
[14:34:20] [main/DEBUG] [REI]  - DisplaySerializerRegistryImpl
[14:34:20] [main/DEBUG] [REI]  - FluidSupportProviderImpl
[14:34:20] [main/INFO] [REI] Plugins (2):
[14:34:20] [main/INFO] [REI]  - (-100.00) DefaultPluginImpl of DefaultPluginImpl [roughlyenoughitems]
[14:34:20] [main/INFO] [REI]  - (0.00) DefaultRuntimePlugin of DefaultRuntimePlugin [roughlyenoughitems]
[14:34:20] [main/INFO] [REI] ++++++++++++++++++++++++++++++++++++++++
[14:34:20] [main/TRACE] [REI] [REIPlugin END] Reloading Section: "start-reload/"
[14:34:20] [main/TRACE] [REI] [REIPlugin END] Reloading Section: "start-reload/EntryTypeRegistryImpl/"
[14:34:20] [main/TRACE] [REI] [REIPlugin END] Reloading Section: "start-reload/EntryTypeRegistryImpl/" done in 34.25 μs
[14:34:20] [main/TRACE] [REI] [REIPlugin END] Reloading Section: "start-reload/EntrySettingsAdapterRegistryImpl/"
[14:34:20] [main/TRACE] [REI] [REIPlugin END] Reloading Section: "start-reload/EntrySettingsAdapterRegistryImpl/" done in 63.04 μs
[14:34:20] [main/TRACE] [REI] [REIPlugin END] Reloading Section: "start-reload/RecipeManagerContextImpl/"
[14:34:20] [main/TRACE] [REI] [REIPlugin END] Reloading Section: "start-reload/RecipeManagerContextImpl/" done in 44.21 μs
[14:34:20] [main/TRACE] [REI] [REIPlugin END] Reloading Section: "start-reload/ItemComparatorRegistryImpl/"
[14:34:20] [main/TRACE] [REI] [REIPlugin END] Reloading Section: "start-reload/ItemComparatorRegistryImpl/" done in 46.33 μs
[14:34:20] [main/TRACE] [REI] [REIPlugin END] Reloading Section: "start-reload/FluidComparatorRegistryImpl/"
[14:34:20] [main/TRACE] [REI] [REIPlugin END] Reloading Section: "start-reload/FluidComparatorRegistryImpl/" done in 34.06 μs
[14:34:20] [main/TRACE] [REI] [REIPlugin END] Reloading Section: "start-reload/DisplaySerializerRegistryImpl/"
[14:34:20] [main/TRACE] [REI] [REIPlugin END] Reloading Section: "start-reload/DisplaySerializerRegistryImpl/" done in 42.20 μs
[14:34:20] [main/TRACE] [REI] [REIPlugin END] Reloading Section: "start-reload/FluidSupportProviderImpl/"
[14:34:20] [main/TRACE] [REI] [REIPlugin END] Reloading Section: "start-reload/FluidSupportProviderImpl/" done in 33.19 μs
[14:34:20] [main/TRACE] [REI] [REIPlugin END] Reloading Section: "start-reload/" done in 779.3 μs
[14:34:20] [main/DEBUG] [REI] ========================================
[14:34:20] [main/DEBUG] [REI] REIPlugin started main-reload for END.
[14:34:20] [main/DEBUG] [REI] ========================================
[14:34:20] [main/TRACE] [REI] [REIPlugin END] Reloading Section: "reloadable-plugin/EntryTypeRegistryImpl/"
[14:34:20] [main/TRACE] [REI] [REIPlugin END] Reloading Section: "reloadable-plugin/EntryTypeRegistryImpl/DefaultPluginImpl of DefaultPluginImpl [roughlyenoughitems]/"
[14:34:20] [main/TRACE] [REI] [REIPlugin END] Reloading Section: "reloadable-plugin/EntryTypeRegistryImpl/DefaultPluginImpl of DefaultPluginImpl [roughlyenoughitems]/" done in 63.63 μs
[14:34:20] [main/TRACE] [REI] [REIPlugin END] Reloading Section: "reloadable-plugin/EntryTypeRegistryImpl/DefaultRuntimePlugin of DefaultRuntimePlugin [roughlyenoughitems]/"
[14:34:20] [main/TRACE] [REI] [REIPlugin END] Reloading Section: "reloadable-plugin/EntryTypeRegistryImpl/DefaultRuntimePlugin of DefaultRuntimePlugin [roughlyenoughitems]/" done in 43.20 μs
[14:34:20] [main/TRACE] [REI] [REIPlugin END] Reloading Section: "reloadable-plugin/EntryTypeRegistryImpl/" done in 320.9 μs
[14:34:20] [main/TRACE] [REI] [REIPlugin END] Reloading Section: "reloadable-plugin/EntrySettingsAdapterRegistryImpl/"
[14:34:20] [main/TRACE] [REI] [REIPlugin END] Reloading Section: "reloadable-plugin/EntrySettingsAdapterRegistryImpl/DefaultPluginImpl of DefaultPluginImpl [roughlyenoughitems]/"
[14:34:20] [main/TRACE] [REI] [REIPlugin END] Reloading Section: "reloadable-plugin/EntrySettingsAdapterRegistryImpl/DefaultPluginImpl of DefaultPluginImpl [roughlyenoughitems]/" done in 52.86 μs
[14:34:20] [main/TRACE] [REI] [REIPlugin END] Reloading Section: "reloadable-plugin/EntrySettingsAdapterRegistryImpl/DefaultRuntimePlugin of DefaultRuntimePlugin [roughlyenoughitems]/"
[14:34:20] [main/TRACE] [REI] [REIPlugin END] Reloading Section: "reloadable-plugin/EntrySettingsAdapterRegistryImpl/DefaultRuntimePlugin of DefaultRuntimePlugin [roughlyenoughitems]/" done in 44.84 μs
[14:34:20] [main/TRACE] [REI] [REIPlugin END] Reloading Section: "reloadable-plugin/EntrySettingsAdapterRegistryImpl/" done in 281.9 μs
[14:34:20] [main/TRACE] [REI] [REIPlugin END] Reloading Section: "reloadable-plugin/RecipeManagerContextImpl/"
[14:34:20] [main/TRACE] [REI] [REIPlugin END] Reloading Section: "reloadable-plugin/RecipeManagerContextImpl/DefaultPluginImpl of DefaultPluginImpl [roughlyenoughitems]/"
[14:34:20] [main/TRACE] [REI] [REIPlugin END] Reloading Section: "reloadable-plugin/RecipeManagerContextImpl/DefaultPluginImpl of DefaultPluginImpl [roughlyenoughitems]/" done in 70.21 μs
[14:34:20] [main/TRACE] [REI] [REIPlugin END] Reloading Section: "reloadable-plugin/RecipeManagerContextImpl/DefaultRuntimePlugin of DefaultRuntimePlugin [roughlyenoughitems]/"
[14:34:20] [main/TRACE] [REI] [REIPlugin END] Reloading Section: "reloadable-plugin/RecipeManagerContextImpl/DefaultRuntimePlugin of DefaultRuntimePlugin [roughlyenoughitems]/" done in 41.95 μs
[14:34:20] [main/TRACE] [REI] [REIPlugin END] Reloading Section: "reloadable-plugin/RecipeManagerContextImpl/" done in 314.4 μs
[14:34:20] [main/TRACE] [REI] [REIPlugin END] Reloading Section: "reloadable-plugin/ItemComparatorRegistryImpl/"
[14:34:20] [main/TRACE] [REI] [REIPlugin END] Reloading Section: "reloadable-plugin/ItemComparatorRegistryImpl/DefaultPluginImpl of DefaultPluginImpl [roughlyenoughitems]/"
[14:34:20] [main/TRACE] [REI] [REIPlugin END] Reloading Section: "reloadable-plugin/ItemComparatorRegistryImpl/DefaultPluginImpl of DefaultPluginImpl [roughlyenoughitems]/" done in 40.60 μs
[14:34:20] [main/TRACE] [REI] [REIPlugin END] Reloading Section: "reloadable-plugin/ItemComparatorRegistryImpl/DefaultRuntimePlugin of DefaultRuntimePlugin [roughlyenoughitems]/"
[14:34:20] [main/TRACE] [REI] [REIPlugin END] Reloading Section: "reloadable-plugin/ItemComparatorRegistryImpl/DefaultRuntimePlugin of DefaultRuntimePlugin [roughlyenoughitems]/" done in 40.70 μs
[14:34:20] [main/TRACE] [REI] [REIPlugin END] Reloading Section: "reloadable-plugin/ItemComparatorRegistryImpl/" done in 282.6 μs
[14:34:20] [main/TRACE] [REI] [REIPlugin END] Reloading Section: "reloadable-plugin/FluidComparatorRegistryImpl/"
[14:34:20] [main/TRACE] [REI] [REIPlugin END] Reloading Section: "reloadable-plugin/FluidComparatorRegistryImpl/DefaultPluginImpl of DefaultPluginImpl [roughlyenoughitems]/"
[14:34:20] [main/TRACE] [REI] [REIPlugin END] Reloading Section: "reloadable-plugin/FluidComparatorRegistryImpl/DefaultPluginImpl of DefaultPluginImpl [roughlyenoughitems]/" done in 40.99 μs
[14:34:20] [main/TRACE] [REI] [REIPlugin END] Reloading Section: "reloadable-plugin/FluidComparatorRegistryImpl/DefaultRuntimePlugin of DefaultRuntimePlugin [roughlyenoughitems]/"
[14:34:20] [main/TRACE] [REI] [REIPlugin END] Reloading Section: "reloadable-plugin/FluidComparatorRegistryImpl/DefaultRuntimePlugin of DefaultRuntimePlugin [roughlyenoughitems]/" done in 44.51 μs
[14:34:20] [main/TRACE] [REI] [REIPlugin END] Reloading Section: "reloadable-plugin/FluidComparatorRegistryImpl/" done in 295.0 μs
[14:34:20] [main/TRACE] [REI] [REIPlugin END] Reloading Section: "reloadable-plugin/DisplaySerializerRegistryImpl/"
[14:34:20] [main/TRACE] [REI] [REIPlugin END] Reloading Section: "reloadable-plugin/DisplaySerializerRegistryImpl/DefaultPluginImpl of DefaultPluginImpl [roughlyenoughitems]/"
[14:34:20] [main/TRACE] [REI] [REIPlugin END] Reloading Section: "reloadable-plugin/DisplaySerializerRegistryImpl/DefaultPluginImpl of DefaultPluginImpl [roughlyenoughitems]/" done in 22.73 ms
[14:34:20] [main/TRACE] [REI] [REIPlugin END] Reloading Section: "reloadable-plugin/DisplaySerializerRegistryImpl/DefaultRuntimePlugin of DefaultRuntimePlugin [roughlyenoughitems]/"
[14:34:20] [main/TRACE] [REI] [REIPlugin END] Reloading Section: "reloadable-plugin/DisplaySerializerRegistryImpl/DefaultRuntimePlugin of DefaultRuntimePlugin [roughlyenoughitems]/" done in 53.90 μs
[14:34:20] [main/TRACE] [REI] [REIPlugin END] Reloading Section: "reloadable-plugin/DisplaySerializerRegistryImpl/" done in 23.06 ms
[14:34:20] [main/TRACE] [REI] [REIPlugin END] Reloading Section: "reloadable-plugin/FluidSupportProviderImpl/"
[14:34:20] [main/TRACE] [REI] [REIPlugin END] Reloading Section: "reloadable-plugin/FluidSupportProviderImpl/DefaultPluginImpl of DefaultPluginImpl [roughlyenoughitems]/"
[14:34:20] [main/TRACE] [REI] [REIPlugin END] Reloading Section: "reloadable-plugin/FluidSupportProviderImpl/DefaultPluginImpl of DefaultPluginImpl [roughlyenoughitems]/" done in 42.43 μs
[14:34:20] [main/TRACE] [REI] [REIPlugin END] Reloading Section: "reloadable-plugin/FluidSupportProviderImpl/DefaultRuntimePlugin of DefaultRuntimePlugin [roughlyenoughitems]/"
[14:34:20] [main/TRACE] [REI] [REIPlugin END] Reloading Section: "reloadable-plugin/FluidSupportProviderImpl/DefaultRuntimePlugin of DefaultRuntimePlugin [roughlyenoughitems]/" done in 74.80 μs
[14:34:20] [main/TRACE] [REI] [REIPlugin END] Reloading Section: "reloadable-plugin/FluidSupportProviderImpl/" done in 332.3 μs
[14:34:20] [main/DEBUG] [REI] ========================================
[14:34:20] [main/DEBUG] [REI] REIPlugin ending main-reload for END.
[14:34:20] [main/DEBUG] [REI] ========================================
[14:34:20] [main/TRACE] [REI] [REIPlugin END] Reloading Section: "end-reload/"
[14:34:20] [main/TRACE] [REI] [REIPlugin END] Reloading Section: "end-reload/EntryTypeRegistryImpl/"
[14:34:20] [main/TRACE] [REI] [REIPlugin END] Reloading Section: "end-reload/EntryTypeRegistryImpl/" done in 31.71 μs
[14:34:20] [main/TRACE] [REI] [REIPlugin END] Reloading Section: "end-reload/EntrySettingsAdapterRegistryImpl/"
[14:34:20] [main/TRACE] [REI] [REIPlugin END] Reloading Section: "end-reload/EntrySettingsAdapterRegistryImpl/" done in 32.65 μs
[14:34:20] [main/TRACE] [REI] [REIPlugin END] Reloading Section: "end-reload/RecipeManagerContextImpl/"
[14:34:20] [main/TRACE] [REI] [REIPlugin END] Reloading Section: "end-reload/RecipeManagerContextImpl/" done in 32.18 μs
[14:34:20] [main/TRACE] [REI] [REIPlugin END] Reloading Section: "end-reload/ItemComparatorRegistryImpl/"
[14:34:20] [main/TRACE] [REI] [REIPlugin END] Reloading Section: "end-reload/ItemComparatorRegistryImpl/" done in 68.67 μs
[14:34:20] [main/TRACE] [REI] [REIPlugin END] Reloading Section: "end-reload/FluidComparatorRegistryImpl/"
[14:34:20] [main/TRACE] [REI] [REIPlugin END] Reloading Section: "end-reload/FluidComparatorRegistryImpl/" done in 32.26 μs
[14:34:20] [main/TRACE] [REI] [REIPlugin END] Reloading Section: "end-reload/DisplaySerializerRegistryImpl/"
[14:34:20] [main/TRACE] [REI] [REIPlugin END] Reloading Section: "end-reload/DisplaySerializerRegistryImpl/" done in 57.50 μs
[14:34:20] [main/TRACE] [REI] [REIPlugin END] Reloading Section: "end-reload/FluidSupportProviderImpl/"
[14:34:20] [main/TRACE] [REI] [REIPlugin END] Reloading Section: "end-reload/FluidSupportProviderImpl/" done in 32.25 μs
[14:34:20] [main/TRACE] [REI] [REIPlugin END] Reloading Section: "end-reload/" done in 746.0 μs
[14:34:20] [main/DEBUG] [REI] ========================================
[14:34:20] [main/DEBUG] [REI] REIPlugin ended main-reload for END in 28.22 ms.
[14:34:20] [main/DEBUG] [REI] ========================================
[14:34:20] [main/INFO] [REI] ----------------------------------------
[14:34:20] [main/INFO] [REI] REIServerPlugin starting main-reload for END.
[14:34:20] [main/DEBUG] [REI] Reloadables (2):
[14:34:20] [main/DEBUG] [REI]  - MenuInfoRegistryImpl
[14:34:20] [main/DEBUG] [REI]  - SlotAccessorRegistryImpl
[14:34:20] [main/INFO] [REI] Plugins (2):
[14:34:20] [main/INFO] [REI]  - (-100.00) DefaultPluginImpl of DefaultPluginImpl [roughlyenoughitems]
[14:34:20] [main/INFO] [REI]  - (0.00) DefaultRuntimePlugin of DefaultRuntimePlugin [roughlyenoughitems]
[14:34:20] [main/INFO] [REI] ----------------------------------------
[14:34:20] [main/TRACE] [REI] [REIServerPlugin END] Reloading Section: "start-reload/"
[14:34:20] [main/TRACE] [REI] [REIServerPlugin END] Reloading Section: "start-reload/MenuInfoRegistryImpl/"
[14:34:20] [main/TRACE] [REI] [REIServerPlugin END] Reloading Section: "start-reload/MenuInfoRegistryImpl/" done in 56.69 μs
[14:34:20] [main/TRACE] [REI] [REIServerPlugin END] Reloading Section: "start-reload/SlotAccessorRegistryImpl/"
[14:34:20] [main/TRACE] [REI] [REIServerPlugin END] Reloading Section: "start-reload/SlotAccessorRegistryImpl/" done in 51.23 μs
[14:34:20] [main/TRACE] [REI] [REIServerPlugin END] Reloading Section: "start-reload/" done in 304.8 μs
[14:34:20] [main/DEBUG] [REI] ========================================
[14:34:20] [main/DEBUG] [REI] REIServerPlugin started main-reload for END.
[14:34:20] [main/DEBUG] [REI] ========================================
[14:34:20] [main/TRACE] [REI] [REIServerPlugin END] Reloading Section: "reloadable-plugin/MenuInfoRegistryImpl/"
[14:34:20] [main/TRACE] [REI] [REIServerPlugin END] Reloading Section: "reloadable-plugin/MenuInfoRegistryImpl/DefaultPluginImpl of DefaultPluginImpl [roughlyenoughitems]/"
[14:34:20] [main/TRACE] [REI] [REIServerPlugin END] Reloading Section: "reloadable-plugin/MenuInfoRegistryImpl/DefaultPluginImpl of DefaultPluginImpl [roughlyenoughitems]/" done in 53.82 μs
[14:34:20] [main/TRACE] [REI] [REIServerPlugin END] Reloading Section: "reloadable-plugin/MenuInfoRegistryImpl/DefaultRuntimePlugin of DefaultRuntimePlugin [roughlyenoughitems]/"
[14:34:20] [main/TRACE] [REI] [REIServerPlugin END] Reloading Section: "reloadable-plugin/MenuInfoRegistryImpl/DefaultRuntimePlugin of DefaultRuntimePlugin [roughlyenoughitems]/" done in 40.98 μs
[14:34:20] [main/TRACE] [REI] [REIServerPlugin END] Reloading Section: "reloadable-plugin/MenuInfoRegistryImpl/" done in 277.9 μs
[14:34:20] [main/TRACE] [REI] [REIServerPlugin END] Reloading Section: "reloadable-plugin/SlotAccessorRegistryImpl/"
[14:34:20] [main/TRACE] [REI] [REIServerPlugin END] Reloading Section: "reloadable-plugin/SlotAccessorRegistryImpl/DefaultPluginImpl of DefaultPluginImpl [roughlyenoughitems]/"
[14:34:20] [main/TRACE] [REI] [REIServerPlugin END] Reloading Section: "reloadable-plugin/SlotAccessorRegistryImpl/DefaultPluginImpl of DefaultPluginImpl [roughlyenoughitems]/" done in 50.13 μs
[14:34:20] [main/TRACE] [REI] [REIServerPlugin END] Reloading Section: "reloadable-plugin/SlotAccessorRegistryImpl/DefaultRuntimePlugin of DefaultRuntimePlugin [roughlyenoughitems]/"
[14:34:20] [main/DEBUG] [REI] Added slot accessor serializer: me.shedaniel.rei.plugin.common.runtime.DefaultRuntimePlugin$1@50eafe72 [roughlyenoughitems:vanilla]
[14:34:20] [main/DEBUG] [REI] Added slot accessor serializer: me.shedaniel.rei.plugin.common.runtime.DefaultRuntimePlugin$2@4d078a88 [roughlyenoughitems:player]
[14:34:20] [main/TRACE] [REI] [REIServerPlugin END] Reloading Section: "reloadable-plugin/SlotAccessorRegistryImpl/DefaultRuntimePlugin of DefaultRuntimePlugin [roughlyenoughitems]/" done in 2.048 ms
[14:34:20] [main/TRACE] [REI] [REIServerPlugin END] Reloading Section: "reloadable-plugin/SlotAccessorRegistryImpl/" done in 2.328 ms
[14:34:20] [main/DEBUG] [REI] ========================================
[14:34:20] [main/DEBUG] [REI] REIServerPlugin ending main-reload for END.
[14:34:20] [main/DEBUG] [REI] ========================================
[14:34:20] [main/TRACE] [REI] [REIServerPlugin END] Reloading Section: "end-reload/"
[14:34:20] [main/TRACE] [REI] [REIServerPlugin END] Reloading Section: "end-reload/MenuInfoRegistryImpl/"
[14:34:20] [main/DEBUG] [REI] Registered 0 menu infos
[14:34:20] [main/TRACE] [REI] [REIServerPlugin END] Reloading Section: "end-reload/MenuInfoRegistryImpl/" done in 139.6 μs
[14:34:20] [main/TRACE] [REI] [REIServerPlugin END] Reloading Section: "end-reload/SlotAccessorRegistryImpl/"
[14:34:20] [main/DEBUG] [REI] Registered 2 slot accessor serializers
[14:34:20] [main/TRACE] [REI] [REIServerPlugin END] Reloading Section: "end-reload/SlotAccessorRegistryImpl/" done in 111.2 μs
[14:34:20] [main/TRACE] [REI] [REIServerPlugin END] Reloading Section: "end-reload/" done in 449.8 μs
[14:34:20] [main/DEBUG] [REI] ========================================
[14:34:20] [main/DEBUG] [REI] REIServerPlugin ended main-reload for END in 4.641 ms.
[14:34:20] [main/DEBUG] [REI] ========================================
[14:34:20] [main/DEBUG] [REI] ========================================
[14:34:20] [main/DEBUG] [REI] REIPlugin starting post-reload for END.
[14:34:20] [main/DEBUG] [REI] Reloadables (7):
[14:34:20] [main/DEBUG] [REI]  - EntryTypeRegistryImpl
[14:34:20] [main/DEBUG] [REI]  - EntrySettingsAdapterRegistryImpl
[14:34:20] [main/DEBUG] [REI]  - RecipeManagerContextImpl
[14:34:20] [main/DEBUG] [REI]  - ItemComparatorRegistryImpl
[14:34:20] [main/DEBUG] [REI]  - FluidComparatorRegistryImpl
[14:34:20] [main/DEBUG] [REI]  - DisplaySerializerRegistryImpl
[14:34:20] [main/DEBUG] [REI]  - FluidSupportProviderImpl
[14:34:20] [main/DEBUG] [REI] Plugins (2):
[14:34:20] [main/DEBUG] [REI]  - (-100.00) DefaultPluginImpl of DefaultPluginImpl [roughlyenoughitems]
[14:34:20] [main/DEBUG] [REI]  - (0.00) DefaultRuntimePlugin of DefaultRuntimePlugin [roughlyenoughitems]
[14:34:20] [main/DEBUG] [REI] ========================================
[14:34:20] [main/TRACE] [REI] [REIPlugin END] Reloading Section: "post-register/"
[14:34:20] [main/TRACE] [REI] [REIPlugin END] Reloading Section: "post-register/DefaultPluginImpl of DefaultPluginImpl [roughlyenoughitems]/"
[14:34:20] [main/TRACE] [REI] [REIPlugin END] Reloading Section: "post-register/DefaultPluginImpl of DefaultPluginImpl [roughlyenoughitems]/" done in 36.68 μs
[14:34:20] [main/TRACE] [REI] [REIPlugin END] Reloading Section: "post-register/DefaultRuntimePlugin of DefaultRuntimePlugin [roughlyenoughitems]/"
[14:34:20] [main/TRACE] [REI] [REIPlugin END] Reloading Section: "post-register/DefaultRuntimePlugin of DefaultRuntimePlugin [roughlyenoughitems]/" done in 37.08 μs
[14:34:20] [main/TRACE] [REI] [REIPlugin END] Reloading Section: "post-register/" done in 258.3 μs
[14:34:20] [main/TRACE] [REI] [REIPlugin END] Reloading Section: "post-stage/"
[14:34:20] [main/TRACE] [REI] [REIPlugin END] Reloading Section: "post-stage/EntryTypeRegistryImpl/"
[14:34:20] [main/TRACE] [REI] [REIPlugin END] Reloading Section: "post-stage/EntryTypeRegistryImpl/" done in 32.10 μs
[14:34:20] [main/TRACE] [REI] [REIPlugin END] Reloading Section: "post-stage/EntrySettingsAdapterRegistryImpl/"
[14:34:20] [main/TRACE] [REI] [REIPlugin END] Reloading Section: "post-stage/EntrySettingsAdapterRegistryImpl/" done in 31.86 μs
[14:34:20] [main/TRACE] [REI] [REIPlugin END] Reloading Section: "post-stage/RecipeManagerContextImpl/"
[14:34:20] [main/TRACE] [REI] [REIPlugin END] Reloading Section: "post-stage/RecipeManagerContextImpl/" done in 31.19 μs
[14:34:20] [main/TRACE] [REI] [REIPlugin END] Reloading Section: "post-stage/ItemComparatorRegistryImpl/"
[14:34:20] [main/TRACE] [REI] [REIPlugin END] Reloading Section: "post-stage/ItemComparatorRegistryImpl/" done in 34.64 μs
[14:34:20] [main/TRACE] [REI] [REIPlugin END] Reloading Section: "post-stage/FluidComparatorRegistryImpl/"
[14:34:20] [main/TRACE] [REI] [REIPlugin END] Reloading Section: "post-stage/FluidComparatorRegistryImpl/" done in 31.26 μs
[14:34:20] [main/TRACE] [REI] [REIPlugin END] Reloading Section: "post-stage/DisplaySerializerRegistryImpl/"
[14:34:20] [main/TRACE] [REI] [REIPlugin END] Reloading Section: "post-stage/DisplaySerializerRegistryImpl/" done in 31.60 μs
[14:34:20] [main/TRACE] [REI] [REIPlugin END] Reloading Section: "post-stage/FluidSupportProviderImpl/"
[14:34:20] [main/TRACE] [REI] [REIPlugin END] Reloading Section: "post-stage/FluidSupportProviderImpl/" done in 31.92 μs
[14:34:20] [main/TRACE] [REI] [REIPlugin END] Reloading Section: "post-stage/" done in 737.4 μs
[14:34:20] [main/DEBUG] [REI] ========================================
[14:34:20] [main/INFO] [REI] REIPlugin finished post-reload for END in 1.108 ms, totaling 30.41 ms.
[14:34:20] [main/DEBUG] [REI] ========================================
[14:34:20] [main/DEBUG] [REI] ========================================
[14:34:20] [main/DEBUG] [REI] REIServerPlugin starting post-reload for END.
[14:34:20] [main/DEBUG] [REI] Reloadables (2):
[14:34:20] [main/DEBUG] [REI]  - MenuInfoRegistryImpl
[14:34:20] [main/DEBUG] [REI]  - SlotAccessorRegistryImpl
[14:34:20] [main/DEBUG] [REI] Plugins (2):
[14:34:20] [main/DEBUG] [REI]  - (-100.00) DefaultPluginImpl of DefaultPluginImpl [roughlyenoughitems]
[14:34:20] [main/DEBUG] [REI]  - (0.00) DefaultRuntimePlugin of DefaultRuntimePlugin [roughlyenoughitems]
[14:34:20] [main/DEBUG] [REI] ========================================
[14:34:20] [main/TRACE] [REI] [REIServerPlugin END] Reloading Section: "post-register/"
[14:34:20] [main/TRACE] [REI] [REIServerPlugin END] Reloading Section: "post-register/DefaultPluginImpl of DefaultPluginImpl [roughlyenoughitems]/"
[14:34:20] [main/TRACE] [REI] [REIServerPlugin END] Reloading Section: "post-register/DefaultPluginImpl of DefaultPluginImpl [roughlyenoughitems]/" done in 35.63 μs
[14:34:20] [main/TRACE] [REI] [REIServerPlugin END] Reloading Section: "post-register/DefaultRuntimePlugin of DefaultRuntimePlugin [roughlyenoughitems]/"
[14:34:20] [main/TRACE] [REI] [REIServerPlugin END] Reloading Section: "post-register/DefaultRuntimePlugin of DefaultRuntimePlugin [roughlyenoughitems]/" done in 40.13 μs
[14:34:20] [main/TRACE] [REI] [REIServerPlugin END] Reloading Section: "post-register/" done in 259.9 μs
[14:34:20] [main/TRACE] [REI] [REIServerPlugin END] Reloading Section: "post-stage/"
[14:34:20] [main/TRACE] [REI] [REIServerPlugin END] Reloading Section: "post-stage/MenuInfoRegistryImpl/"
[14:34:20] [main/TRACE] [REI] [REIServerPlugin END] Reloading Section: "post-stage/MenuInfoRegistryImpl/" done in 31.89 μs
[14:34:20] [main/TRACE] [REI] [REIServerPlugin END] Reloading Section: "post-stage/SlotAccessorRegistryImpl/"
[14:34:20] [main/TRACE] [REI] [REIServerPlugin END] Reloading Section: "post-stage/SlotAccessorRegistryImpl/" done in 31.50 μs
[14:34:20] [main/TRACE] [REI] [REIServerPlugin END] Reloading Section: "post-stage/" done in 245.3 μs
[14:34:20] [main/DEBUG] [REI] ========================================
[14:34:20] [main/INFO] [REI] REIServerPlugin finished post-reload for END in 615.4 μs, totaling 5.891 ms.
[14:34:20] [main/DEBUG] [REI] ========================================
